<?xml version="1.0" encoding="UTF-8"?>
<testsuite xmlns:xsi="http://www.w3.org/2001/XMLSchema-instance" xsi:noNamespaceSchemaLocation="https://maven.apache.org/surefire/maven-surefire-plugin/xsd/surefire-test-report-3.0.xsd" version="3.0" name="Conduit.ConduitTest" time="11.576" tests="1" errors="0" skipped="0" failures="0">
  <properties>
[...]
</properties>
  <testcase name="testParallel" classname="Conduit.ConduitTest" time="11.541">
    <system-out><![CDATA[17:20:03.882 [main] DEBUG com.intuit.karate.Suite - [config] classpath:karate-config.js
17:20:03.894 [main] DEBUG com.intuit.karate.Suite - waiting for 4 features to complete
17:20:05.441 [pool-2-thread-2] INFO  com.intuit.karate - karate.env system property was: null 
17:20:05.441 [pool-2-thread-1] INFO  com.intuit.karate - karate.env system property was: null 
17:20:05.441 [pool-2-thread-4] INFO  com.intuit.karate - karate.env system property was: null 
17:20:05.441 [pool-2-thread-3] INFO  com.intuit.karate - karate.env system property was: null 
17:20:05.441 [pool-2-thread-5] INFO  com.intuit.karate - karate.env system property was: null 
17:20:05.467 [pool-2-thread-2] INFO  com.intuit.karate - >> lock acquired, begin callSingle: classpath:helpers/CreateToken.feature
17:20:06.290 [pool-2-thread-2] DEBUG com.intuit.karate - request:
1 > POST https://conduit-api.bondaracademy.com/api/users/login
1 > Content-Type: application/json; charset=UTF-8
1 > Content-Length: 72
1 > Host: conduit-api.bondaracademy.com
1 > Connection: Keep-Alive
1 > User-Agent: Apache-HttpClient/4.5.14 (Java/21.0.10)
1 > Accept-Encoding: gzip,deflate
{"user":{"email":"jesus.quispe@globant.com","password":"Gabylu212208."}}

17:20:07.399 [pool-2-thread-2] DEBUG com.intuit.karate - response time in milliseconds: 1106
1 < 200
1 < x-powered-by: Express
1 < vary: Origin
1 < content-type: application/json; charset=utf-8
1 < etag: W/"142-ZjzyqzlK9Wom4mtKbOI24gkZ1+0"
1 < x-cloud-trace-context: 3c62ea4262aa50c0c260f945bf8d96ae;o=1
1 < date: Wed, 08 Apr 2026 22:20:05 GMT
1 < server: Google Frontend
1 < Content-Length: 322
{"user":{"email":"jesus.quispe@globant.com","username":"jesusdquispec","bio":null,"image":"https://conduit-api.bondaracademy.com/images/smiley-cyrus.jpeg","token":"eyJhbGciOiJIUzI1NiIsInR5cCI6IkpXVCJ9.eyJ1c2VyIjp7ImlkIjo1MTAzMX0sImlhdCI6MTc3NTY4NjgwNSwiZXhwIjoxNzgwODcwODA1fQ.JSJ-nqAhFuKokw6n-xi6-KeMWuGL6BZZ0DsPg2x_Ylo"}}

17:20:07.411 [pool-2-thread-2] INFO  com.intuit.karate - << lock released, cached callSingle: classpath:helpers/CreateToken.feature
17:20:07.412 [pool-2-thread-1] WARN  com.intuit.karate - this thread waited 1944 milliseconds for callSingle lock: classpath:helpers/CreateToken.feature
17:20:07.413 [pool-2-thread-4] WARN  com.intuit.karate - this thread waited 1945 milliseconds for callSingle lock: classpath:helpers/CreateToken.feature
17:20:07.413 [pool-2-thread-3] WARN  com.intuit.karate - this thread waited 1945 milliseconds for callSingle lock: classpath:helpers/CreateToken.feature
17:20:07.413 [pool-2-thread-5] WARN  com.intuit.karate - this thread waited 1946 milliseconds for callSingle lock: classpath:helpers/CreateToken.feature
17:20:07.426 [pool-2-thread-3] DEBUG com.intuit.karate - request:
1 > GET https://conduit-api.bondaracademy.com/api/tags
1 > Authorization: Token eyJhbGciOiJIUzI1NiIsInR5cCI6IkpXVCJ9.eyJ1c2VyIjp7ImlkIjo1MTAzMX0sImlhdCI6MTc3NTY4NjgwNSwiZXhwIjoxNzgwODcwODA1fQ.JSJ-nqAhFuKokw6n-xi6-KeMWuGL6BZZ0DsPg2x_Ylo
1 > Host: conduit-api.bondaracademy.com
1 > Connection: Keep-Alive
1 > User-Agent: Apache-HttpClient/4.5.14 (Java/21.0.10)
1 > Accept-Encoding: gzip,deflate


17:20:07.442 [pool-2-thread-5] INFO  com.intuit.karate - >> lock acquired, begin callonce: read('classpath:helpers/Dummy.feature')
17:20:07.469 [pool-2-thread-4] DEBUG com.intuit.karate - request:
1 > GET https://conduit-api.bondaracademy.com/api/articles?offset=0&limit=10
1 > Authorization: Token eyJhbGciOiJIUzI1NiIsInR5cCI6IkpXVCJ9.eyJ1c2VyIjp7ImlkIjo1MTAzMX0sImlhdCI6MTc3NTY4NjgwNSwiZXhwIjoxNzgwODcwODA1fQ.JSJ-nqAhFuKokw6n-xi6-KeMWuGL6BZZ0DsPg2x_Ylo
1 > Host: conduit-api.bondaracademy.com
1 > Connection: Keep-Alive
1 > User-Agent: Apache-HttpClient/4.5.14 (Java/21.0.10)
1 > Accept-Encoding: gzip,deflate


17:20:07.755 [pool-2-thread-5] INFO  com.intuit.karate - [print] bethann.fisher 
17:20:07.757 [pool-2-thread-5] INFO  com.intuit.karate - << lock released, cached callonce: read('classpath:helpers/Dummy.feature')
17:20:07.775 [pool-2-thread-5] INFO  com.intuit.karate - [print] noname 
17:20:07.778 [pool-2-thread-5] INFO  com.intuit.karate - [print] this is the first scenario 
17:20:07.854 [pool-2-thread-1] DEBUG com.intuit.karate - request:
1 > POST https://conduit-api.bondaracademy.com/api/articles
1 > Authorization: Token eyJhbGciOiJIUzI1NiIsInR5cCI6IkpXVCJ9.eyJ1c2VyIjp7ImlkIjo1MTAzMX0sImlhdCI6MTc3NTY4NjgwNSwiZXhwIjoxNzgwODcwODA1fQ.JSJ-nqAhFuKokw6n-xi6-KeMWuGL6BZZ0DsPg2x_Ylo
1 > Content-Type: application/json; charset=UTF-8
1 > Content-Length: 120
1 > Host: conduit-api.bondaracademy.com
1 > Connection: Keep-Alive
1 > User-Agent: Apache-HttpClient/4.5.14 (Java/21.0.10)
1 > Accept-Encoding: gzip,deflate
{"article":{"title":"Ronel Rivers","description":"Pentos","body":"Every flight begins with a fall.","tagList":["Long"]}}

17:20:07.869 [pool-2-thread-2] DEBUG com.intuit.karate - request:
1 > POST https://conduit-api.bondaracademy.com/api/articles
1 > Authorization: Token eyJhbGciOiJIUzI1NiIsInR5cCI6IkpXVCJ9.eyJ1c2VyIjp7ImlkIjo1MTAzMX0sImlhdCI6MTc3NTY4NjgwNSwiZXhwIjoxNzgwODcwODA1fQ.JSJ-nqAhFuKokw6n-xi6-KeMWuGL6BZZ0DsPg2x_Ylo
1 > Content-Type: application/json; charset=UTF-8
1 > Content-Length: 131
1 > Host: conduit-api.bondaracademy.com
1 > Connection: Keep-Alive
1 > User-Agent: Apache-HttpClient/4.5.14 (Java/21.0.10)
1 > Accept-Encoding: gzip,deflate
{"article":{"title":"New title 2","description":"About new title 2","body":"Body title New Title 2","tagList":["tag new title 2"]}}

17:20:07.883 [pool-2-thread-5] INFO  com.intuit.karate - [print] saul.crona 
17:20:07.903 [pool-2-thread-5] INFO  com.intuit.karate - karate.env system property was: null 
17:20:07.920 [pool-2-thread-5] INFO  com.intuit.karate - [print] noname 
17:20:07.921 [pool-2-thread-5] INFO  com.intuit.karate - [print] this is the second scenario 
17:20:07.974 [pool-2-thread-5] INFO  com.intuit.karate - [print] cheryll.gerlach 
17:20:07.981 [pool-2-thread-5] INFO  com.intuit.karate - karate.env system property was: null 
17:20:08.080 [pool-2-thread-5] DEBUG com.intuit.karate - request:
1 > POST https://conduit-api.bondaracademy.com/api/users
1 > Authorization: Token eyJhbGciOiJIUzI1NiIsInR5cCI6IkpXVCJ9.eyJ1c2VyIjp7ImlkIjo1MTAzMX0sImlhdCI6MTc3NTY4NjgwNSwiZXhwIjoxNzgwODcwODA1fQ.JSJ-nqAhFuKokw6n-xi6-KeMWuGL6BZZ0DsPg2x_Ylo
1 > Content-Type: application/json; charset=UTF-8
1 > Content-Length: 83
1 > Host: conduit-api.bondaracademy.com
1 > Connection: Keep-Alive
1 > User-Agent: Apache-HttpClient/4.5.14 (Java/21.0.10)
1 > Accept-Encoding: gzip,deflate
{"user":{"email":"henry604@test.com","password":"12345678","username":"don.brown"}}

17:20:08.097 [pool-2-thread-4] DEBUG com.intuit.karate - response time in milliseconds: 626
1 < 200
1 < x-powered-by: Express
1 < vary: Origin
1 < content-type: application/json; charset=utf-8
1 < etag: W/"116e-7zqVMBPX1U/Ej4+kFREHQhv4FfQ"
1 < x-cloud-trace-context: 49f2f0b86601871056fbf5a0fc36c070
1 < date: Wed, 08 Apr 2026 22:20:06 GMT
1 < server: Google Frontend
1 < Content-Length: 4462
{"articles":[{"slug":"Quaro-51031","title":"Quaro","description":"Myr","body":"Things are not always as they seemed, much that may seem evil can be good.","tagList":["Ball"],"createdAt":"2026-04-08T22:16:47.241Z","updatedAt":"2026-04-08T22:16:47.241Z","favorited":false,"favoritesCount":0,"author":{"username":"jesusdquispec","bio":null,"image":"https://conduit-api.bondaracademy.com/images/smiley-cyrus.jpeg","following":false}},{"slug":"Pollitor-51031","title":"Pollitor","description":"Lys","body":"A lion doesn't concern itself with the opinion of sheep.","tagList":["Myre of Harlaw"],"createdAt":"2026-04-08T22:09:47.732Z","updatedAt":"2026-04-08T22:09:47.732Z","favorited":false,"favoritesCount":0,"author":{"username":"jesusdquispec","bio":null,"image":"https://conduit-api.bondaracademy.com/images/smiley-cyrus.jpeg","following":false}},{"slug":"Harbert-Paege-51031","title":"Harbert Paege","description":"Bayasabhad","body":"Nothing burns like the cold.","tagList":["Tarth of Evenfall Hall"],"createdAt":"2026-04-08T22:04:36.033Z","updatedAt":"2026-04-08T22:04:36.033Z","favorited":false,"favoritesCount":0,"author":{"username":"jesusdquispec","bio":null,"image":"https://conduit-api.bondaracademy.com/images/smiley-cyrus.jpeg","following":false}},{"slug":"Aeron-Greyjoy-51031","title":"Aeron Greyjoy","description":"Chroyane","body":"Give me honorable enemies rather than ambitious ones, and I'll sleep more easily by night.","tagList":["Pommingham"],"createdAt":"2026-04-08T21:58:45.073Z","updatedAt":"2026-04-08T21:58:45.073Z","favorited":false,"favoritesCount":0,"author":{"username":"jesusdquispec","bio":null,"image":"https://conduit-api.bondaracademy.com/images/smiley-cyrus.jpeg","following":false}},{"slug":"Cotter-Pyke-51031","title":"Cotter Pyke","description":"Old Ghis","body":"Summer will end soon enough, and childhood as well.","tagList":["Wendwater"],"createdAt":"2026-04-08T21:56:46.393Z","updatedAt":"2026-04-08T21:56:46.393Z","favorited":false,"favoritesCount":0,"author":{"username":"jesusdquispec","bio":null,"image":"https://conduit-api.bondaracademy.com/images/smiley-cyrus.jpeg","following":false}},{"slug":"Catelyn-Stark-51031","title":"Catelyn Stark","description":"Meereen","body":"Do the dead frighten you?","tagList":["Meadows of Grassy Vale"],"createdAt":"2026-04-08T21:54:59.254Z","updatedAt":"2026-04-08T21:54:59.254Z","favorited":false,"favoritesCount":0,"author":{"username":"jesusdquispec","bio":null,"image":"https://conduit-api.bondaracademy.com/images/smiley-cyrus.jpeg","following":false}},{"slug":"Haggon-51031","title":"Haggon","description":"New Ghis","body":"Winter is coming.","tagList":["Connington of Griffin's Roost"],"createdAt":"2026-04-08T21:47:28.696Z","updatedAt":"2026-04-08T21:47:28.696Z","favorited":false,"favoritesCount":0,"author":{"username":"jesusdquispec","bio":null,"image":"https://conduit-api.bondaracademy.com/images/smiley-cyrus.jpeg","following":false}},{"slug":"Sargon-Botley-51031","title":"Sargon Botley","description":"Ar Noy","body":"When the snows fall and the white winds blow, the lone wolf dies but the pack survives.","tagList":["Peake of Starpike"],"createdAt":"2026-04-08T21:33:03.530Z","updatedAt":"2026-04-08T21:33:03.530Z","favorited":false,"favoritesCount":0,"author":{"username":"jesusdquispec","bio":null,"image":"https://conduit-api.bondaracademy.com/images/smiley-cyrus.jpeg","following":false}},{"slug":"Ghost-of-High-Heart-51031","title":"Ghost of High Heart","description":"King's Landing","body":"The things I do for love.","tagList":["Fowler of Skyreach"],"createdAt":"2026-04-07T06:48:04.236Z","updatedAt":"2026-04-07T06:48:04.236Z","favorited":false,"favoritesCount":0,"author":{"username":"jesusdquispec","bio":null,"image":"https://conduit-api.bondaracademy.com/images/smiley-cyrus.jpeg","following":false}},{"slug":"Reviewing-Jenkins-51031","title":"Reviewing Jenkins","description":"is about Jenkins learning","body":"We should review CI/CD for testers Course for being useful for a next project, and within Git actions may incorporate to our skills, as part of a Hybrid Quality Control member  (manual, automation and Devop engineer)","tagList":["Jenkins, DEVOS, Git Actions"],"createdAt":"2026-03-31T20:33:08.125Z","updatedAt":"2026-03-31T20:33:08.125Z","favorited":false,"favoritesCount":0,"author":{"username":"jesusdquispec","bio":null,"image":"https://conduit-api.bondaracademy.com/images/smiley-cyrus.jpeg","following":false}}],"articlesCount":20}

17:20:08.145 [pool-2-thread-3] DEBUG com.intuit.karate - response time in milliseconds: 718
1 < 200
1 < x-powered-by: Express
1 < vary: Origin
1 < content-type: application/json; charset=utf-8
1 < etag: W/"72-3CZhKd/adSoTyZ+Ke5I6gPBQ0dM"
1 < x-cloud-trace-context: 54d2ce53ccf55138a0bedb6772f9648d
1 < date: Wed, 08 Apr 2026 22:20:06 GMT
1 < server: Google Frontend
1 < Content-Length: 114
{"tags":["Test","Blog","Git","YouTube","Slack","Bondar Academy","GitHub","Zoom","Value-Focused","Start for Free"]}

17:20:08.173 [pool-2-thread-3] INFO  com.intuit.karate - karate.env system property was: null 
17:20:08.215 [pool-2-thread-4] INFO  com.intuit.karate - karate.env system property was: null 
17:20:08.272 [pool-2-thread-3] DEBUG com.intuit.karate - request:
1 > POST https://conduit-api.bondaracademy.com/api/users
1 > Authorization: Token eyJhbGciOiJIUzI1NiIsInR5cCI6IkpXVCJ9.eyJ1c2VyIjp7ImlkIjo1MTAzMX0sImlhdCI6MTc3NTY4NjgwNSwiZXhwIjoxNzgwODcwODA1fQ.JSJ-nqAhFuKokw6n-xi6-KeMWuGL6BZZ0DsPg2x_Ylo
1 > Content-Type: application/json; charset=UTF-8
1 > Content-Length: 93
1 > Host: conduit-api.bondaracademy.com
1 > Connection: Keep-Alive
1 > User-Agent: Apache-HttpClient/4.5.14 (Java/21.0.10)
1 > Accept-Encoding: gzip,deflate
{"user":{"email":"TstUser9@mydomain.com","password":"12345678","username":"roseanna.waters"}}

17:20:08.305 [pool-2-thread-4] DEBUG com.intuit.karate - request:
1 > POST https://conduit-api.bondaracademy.com/api/users
1 > Authorization: Token eyJhbGciOiJIUzI1NiIsInR5cCI6IkpXVCJ9.eyJ1c2VyIjp7ImlkIjo1MTAzMX0sImlhdCI6MTc3NTY4NjgwNSwiZXhwIjoxNzgwODcwODA1fQ.JSJ-nqAhFuKokw6n-xi6-KeMWuGL6BZZ0DsPg2x_Ylo
1 > Content-Type: application/json; charset=UTF-8
1 > Content-Length: 84
1 > Host: conduit-api.bondaracademy.com
1 > Connection: Keep-Alive
1 > User-Agent: Apache-HttpClient/4.5.14 (Java/21.0.10)
1 > Accept-Encoding: gzip,deflate
{"user":{"email":"rolando231@test.com","password":"12345678","username":"TstUser9"}}

17:20:08.441 [pool-2-thread-1] DEBUG com.intuit.karate - response time in milliseconds: 585
1 < 201
1 < x-powered-by: Express
1 < vary: Origin
1 < content-type: application/json; charset=utf-8
1 < etag: W/"193-stugAHIeZw9JkvraR+8j+1/9bNw"
1 < x-cloud-trace-context: d4c6745335ef2c87409e077eef2e77ff
1 < date: Wed, 08 Apr 2026 22:20:06 GMT
1 < server: Google Frontend
1 < Content-Length: 403
{"article":{"slug":"Ronel-Rivers-51031","title":"Ronel Rivers","description":"Pentos","body":"Every flight begins with a fall.","tagList":["Long"],"createdAt":"2026-04-08T22:20:06.628Z","updatedAt":"2026-04-08T22:20:06.628Z","favorited":false,"favoritesCount":0,"author":{"username":"jesusdquispec","bio":null,"image":"https://conduit-api.bondaracademy.com/images/smiley-cyrus.jpeg","following":false}}}

17:20:08.454 [pool-2-thread-1] INFO  com.intuit.karate - karate.env system property was: null 
17:20:08.471 [pool-2-thread-2] DEBUG com.intuit.karate - response time in milliseconds: 600
1 < 201
1 < x-powered-by: Express
1 < vary: Origin
1 < content-type: application/json; charset=utf-8
1 < etag: W/"19d-rwdyZS9nqaURX8x25NwU7WEDwJs"
1 < x-cloud-trace-context: 1ad6d1e9ca546caaf2cd2fa6ef68b08d
1 < date: Wed, 08 Apr 2026 22:20:06 GMT
1 < server: Google Frontend
1 < Content-Length: 413
{"article":{"slug":"New-title-2-51031","title":"New title 2","description":"About new title 2","body":"Body title New Title 2","tagList":["tag new title 2"],"createdAt":"2026-04-08T22:20:06.653Z","updatedAt":"2026-04-08T22:20:06.653Z","favorited":false,"favoritesCount":0,"author":{"username":"jesusdquispec","bio":null,"image":"https://conduit-api.bondaracademy.com/images/smiley-cyrus.jpeg","following":false}}}

17:20:08.478 [pool-2-thread-2] DEBUG com.intuit.karate - request:
2 > DELETE https://conduit-api.bondaracademy.com/api/articles/New-title-2-51031
2 > Authorization: Token eyJhbGciOiJIUzI1NiIsInR5cCI6IkpXVCJ9.eyJ1c2VyIjp7ImlkIjo1MTAzMX0sImlhdCI6MTc3NTY4NjgwNSwiZXhwIjoxNzgwODcwODA1fQ.JSJ-nqAhFuKokw6n-xi6-KeMWuGL6BZZ0DsPg2x_Ylo
2 > Host: conduit-api.bondaracademy.com
2 > Connection: Keep-Alive
2 > User-Agent: Apache-HttpClient/4.5.14 (Java/21.0.10)
2 > Accept-Encoding: gzip,deflate


17:20:08.496 [pool-2-thread-1] DEBUG com.intuit.karate - request:
1 > POST https://conduit-api.bondaracademy.com/api/users
1 > Authorization: Token eyJhbGciOiJIUzI1NiIsInR5cCI6IkpXVCJ9.eyJ1c2VyIjp7ImlkIjo1MTAzMX0sImlhdCI6MTc3NTY4NjgwNSwiZXhwIjoxNzgwODcwODA1fQ.JSJ-nqAhFuKokw6n-xi6-KeMWuGL6BZZ0DsPg2x_Ylo
1 > Content-Type: application/json; charset=UTF-8
1 > Content-Length: 90
1 > Host: conduit-api.bondaracademy.com
1 > Connection: Keep-Alive
1 > User-Agent: Apache-HttpClient/4.5.14 (Java/21.0.10)
1 > Accept-Encoding: gzip,deflate
{"user":{"email":"TstUser9@mydomain.com","password":"12345678","username":"ashely.fahey"}}

17:20:08.784 [pool-2-thread-5] DEBUG com.intuit.karate - response time in milliseconds: 702
1 < 201
1 < x-powered-by: Express
1 < vary: Origin
1 < content-type: application/json; charset=utf-8
1 < etag: W/"142-zAUGPxX6d/cHrp5xye0izJ0FKeY"
1 < x-cloud-trace-context: 8bfbce2fb38c246dbd86a061d1544978
1 < date: Wed, 08 Apr 2026 22:20:07 GMT
1 < server: Google Frontend
1 < Content-Length: 322
{"user":{"id":51624,"email":"henry604@test.com","username":"don.brown","bio":null,"image":"https://conduit-api.bondaracademy.com/images/smiley-cyrus.jpeg","token":"eyJhbGciOiJIUzI1NiIsInR5cCI6IkpXVCJ9.eyJ1c2VyIjp7ImlkIjo1MTYyNH0sImlhdCI6MTc3NTY4NjgwNywiZXhwIjoxNzgwODcwODA3fQ.thwFHyEdRRq5Z3cGqVRVqn3r4tEwyYQd6kgM57tM034"}}

17:20:08.795 [pool-2-thread-5] INFO  com.intuit.karate - karate.env system property was: null 
17:20:08.825 [pool-2-thread-5] DEBUG com.intuit.karate - request:
1 > POST https://conduit-api.bondaracademy.com/api/users
1 > Authorization: Token eyJhbGciOiJIUzI1NiIsInR5cCI6IkpXVCJ9.eyJ1c2VyIjp7ImlkIjo1MTAzMX0sImlhdCI6MTc3NTY4NjgwNSwiZXhwIjoxNzgwODcwODA1fQ.JSJ-nqAhFuKokw6n-xi6-KeMWuGL6BZZ0DsPg2x_Ylo
1 > Content-Type: application/json; charset=UTF-8
1 > Content-Length: 86
1 > Host: conduit-api.bondaracademy.com
1 > Connection: Keep-Alive
1 > User-Agent: Apache-HttpClient/4.5.14 (Java/21.0.10)
1 > Accept-Encoding: gzip,deflate
{"user":{"email":"TstUser9@mydomain.com","password":"12345678","username":"TstUser9"}}

17:20:08.843 [pool-2-thread-4] DEBUG com.intuit.karate - response time in milliseconds: 536
1 < 422
1 < x-powered-by: Express
1 < vary: Origin
1 < content-type: application/json; charset=utf-8
1 < etag: W/"32-JsHJTKwNHW5NSVjFTl5ds7a++54"
1 < x-cloud-trace-context: 605414f5ee680584e86b3bde63cf84f6
1 < date: Wed, 08 Apr 2026 22:20:07 GMT
1 < server: Google Frontend
1 < Content-Length: 50
{"errors":{"username":["has already been taken"]}}

17:20:08.846 [pool-2-thread-3] DEBUG com.intuit.karate - response time in milliseconds: 572
1 < 422
1 < x-powered-by: Express
1 < vary: Origin
1 < content-type: application/json; charset=utf-8
1 < etag: W/"2f-BJEnYqgmLwV4NGkXB9OccFtans4"
1 < x-cloud-trace-context: f4380ba4179a4626be63702aa8febcdc
1 < date: Wed, 08 Apr 2026 22:20:07 GMT
1 < server: Google Frontend
1 < Content-Length: 47
{"errors":{"email":["has already been taken"]}}

17:20:09.036 [pool-2-thread-2] DEBUG com.intuit.karate - response time in milliseconds: 556
2 < 204
2 < x-powered-by: Express
2 < vary: Origin
2 < etag: W/"a-bAsFyilMr4Ra1hIU5PyoyFRunpI"
2 < x-cloud-trace-context: e6af2358b595e6f3d10a7e6280307081
2 < date: Wed, 08 Apr 2026 22:20:07 GMT
2 < content-type: text/html
2 < server: Google Frontend


17:20:09.041 [pool-2-thread-1] DEBUG com.intuit.karate - response time in milliseconds: 544
1 < 422
1 < x-powered-by: Express
1 < vary: Origin
1 < content-type: application/json; charset=utf-8
1 < etag: W/"2f-BJEnYqgmLwV4NGkXB9OccFtans4"
1 < x-cloud-trace-context: 5983d44a0a3148efaa7ac74182f9aa04
1 < date: Wed, 08 Apr 2026 22:20:07 GMT
1 < server: Google Frontend
1 < Content-Length: 47
{"errors":{"email":["has already been taken"]}}

17:20:09.041 [pool-2-thread-2] DEBUG com.intuit.karate - request:
3 > GET https://conduit-api.bondaracademy.com/api/articles?offset=0&limit=10
3 > Authorization: Token eyJhbGciOiJIUzI1NiIsInR5cCI6IkpXVCJ9.eyJ1c2VyIjp7ImlkIjo1MTAzMX0sImlhdCI6MTc3NTY4NjgwNSwiZXhwIjoxNzgwODcwODA1fQ.JSJ-nqAhFuKokw6n-xi6-KeMWuGL6BZZ0DsPg2x_Ylo
3 > Host: conduit-api.bondaracademy.com
3 > Connection: Keep-Alive
3 > User-Agent: Apache-HttpClient/4.5.14 (Java/21.0.10)
3 > Accept-Encoding: gzip,deflate


17:20:09.363 [pool-2-thread-5] DEBUG com.intuit.karate - response time in milliseconds: 537
1 < 422
1 < x-powered-by: Express
1 < vary: Origin
1 < content-type: application/json; charset=utf-8
1 < etag: W/"55-NjrsT9gca4ZDmlQ/ixYZy7cuscc"
1 < x-cloud-trace-context: 9c1e350ae35a70b58f728ef416b11518
1 < date: Wed, 08 Apr 2026 22:20:07 GMT
1 < server: Google Frontend
1 < Content-Length: 85
{"errors":{"email":["has already been taken"],"username":["has already been taken"]}}

17:20:09.594 [pool-2-thread-2] DEBUG com.intuit.karate - response time in milliseconds: 553
3 < 200
3 < x-powered-by: Express
3 < vary: Origin
3 < content-type: application/json; charset=utf-8
3 < etag: W/"1082-QT4ZbdjMtN4iet91CQH0/tOTLf8"
3 < x-cloud-trace-context: 3a7dec1f0fa696341999272e7f78cc69
3 < date: Wed, 08 Apr 2026 22:20:07 GMT
3 < server: Google Frontend
3 < Content-Length: 4226
{"articles":[{"slug":"Ronel-Rivers-51031","title":"Ronel Rivers","description":"Pentos","body":"Every flight begins with a fall.","tagList":["Long"],"createdAt":"2026-04-08T22:20:06.628Z","updatedAt":"2026-04-08T22:20:06.628Z","favorited":false,"favoritesCount":0,"author":{"username":"jesusdquispec","bio":null,"image":"https://conduit-api.bondaracademy.com/images/smiley-cyrus.jpeg","following":false}},{"slug":"Quaro-51031","title":"Quaro","description":"Myr","body":"Things are not always as they seemed, much that may seem evil can be good.","tagList":["Ball"],"createdAt":"2026-04-08T22:16:47.241Z","updatedAt":"2026-04-08T22:16:47.241Z","favorited":false,"favoritesCount":0,"author":{"username":"jesusdquispec","bio":null,"image":"https://conduit-api.bondaracademy.com/images/smiley-cyrus.jpeg","following":false}},{"slug":"Pollitor-51031","title":"Pollitor","description":"Lys","body":"A lion doesn't concern itself with the opinion of sheep.","tagList":["Myre of Harlaw"],"createdAt":"2026-04-08T22:09:47.732Z","updatedAt":"2026-04-08T22:09:47.732Z","favorited":false,"favoritesCount":0,"author":{"username":"jesusdquispec","bio":null,"image":"https://conduit-api.bondaracademy.com/images/smiley-cyrus.jpeg","following":false}},{"slug":"Harbert-Paege-51031","title":"Harbert Paege","description":"Bayasabhad","body":"Nothing burns like the cold.","tagList":["Tarth of Evenfall Hall"],"createdAt":"2026-04-08T22:04:36.033Z","updatedAt":"2026-04-08T22:04:36.033Z","favorited":false,"favoritesCount":0,"author":{"username":"jesusdquispec","bio":null,"image":"https://conduit-api.bondaracademy.com/images/smiley-cyrus.jpeg","following":false}},{"slug":"Aeron-Greyjoy-51031","title":"Aeron Greyjoy","description":"Chroyane","body":"Give me honorable enemies rather than ambitious ones, and I'll sleep more easily by night.","tagList":["Pommingham"],"createdAt":"2026-04-08T21:58:45.073Z","updatedAt":"2026-04-08T21:58:45.073Z","favorited":false,"favoritesCount":0,"author":{"username":"jesusdquispec","bio":null,"image":"https://conduit-api.bondaracademy.com/images/smiley-cyrus.jpeg","following":false}},{"slug":"Cotter-Pyke-51031","title":"Cotter Pyke","description":"Old Ghis","body":"Summer will end soon enough, and childhood as well.","tagList":["Wendwater"],"createdAt":"2026-04-08T21:56:46.393Z","updatedAt":"2026-04-08T21:56:46.393Z","favorited":false,"favoritesCount":0,"author":{"username":"jesusdquispec","bio":null,"image":"https://conduit-api.bondaracademy.com/images/smiley-cyrus.jpeg","following":false}},{"slug":"Catelyn-Stark-51031","title":"Catelyn Stark","description":"Meereen","body":"Do the dead frighten you?","tagList":["Meadows of Grassy Vale"],"createdAt":"2026-04-08T21:54:59.254Z","updatedAt":"2026-04-08T21:54:59.254Z","favorited":false,"favoritesCount":0,"author":{"username":"jesusdquispec","bio":null,"image":"https://conduit-api.bondaracademy.com/images/smiley-cyrus.jpeg","following":false}},{"slug":"Haggon-51031","title":"Haggon","description":"New Ghis","body":"Winter is coming.","tagList":["Connington of Griffin's Roost"],"createdAt":"2026-04-08T21:47:28.696Z","updatedAt":"2026-04-08T21:47:28.696Z","favorited":false,"favoritesCount":0,"author":{"username":"jesusdquispec","bio":null,"image":"https://conduit-api.bondaracademy.com/images/smiley-cyrus.jpeg","following":false}},{"slug":"Sargon-Botley-51031","title":"Sargon Botley","description":"Ar Noy","body":"When the snows fall and the white winds blow, the lone wolf dies but the pack survives.","tagList":["Peake of Starpike"],"createdAt":"2026-04-08T21:33:03.530Z","updatedAt":"2026-04-08T21:33:03.530Z","favorited":false,"favoritesCount":0,"author":{"username":"jesusdquispec","bio":null,"image":"https://conduit-api.bondaracademy.com/images/smiley-cyrus.jpeg","following":false}},{"slug":"Ghost-of-High-Heart-51031","title":"Ghost of High Heart","description":"King's Landing","body":"The things I do for love.","tagList":["Fowler of Skyreach"],"createdAt":"2026-04-07T06:48:04.236Z","updatedAt":"2026-04-07T06:48:04.236Z","favorited":false,"favoritesCount":0,"author":{"username":"jesusdquispec","bio":null,"image":"https://conduit-api.bondaracademy.com/images/smiley-cyrus.jpeg","following":false}}],"articlesCount":21}

---------------------------------------------------------
feature: classpath:Conduit/feature/Articles.feature
scenarios:  2 | passed:  2 | failed:  0 | time: 3.1949
---------------------------------------------------------

17:20:10.522 [pool-3-thread-1] INFO  com.intuit.karate.Suite - <<pass>> feature 1 of 4 (3 remaining) classpath:Conduit/feature/Articles.feature
---------------------------------------------------------
feature: classpath:Conduit/feature/HomePage.feature
scenarios:  2 | passed:  2 | failed:  0 | time: 1.5204
---------------------------------------------------------

17:20:10.694 [pool-3-thread-1] INFO  com.intuit.karate.Suite - <<pass>> feature 2 of 4 (2 remaining) classpath:Conduit/feature/HomePage.feature
17:20:10.704 [pool-3-thread-1] INFO  com.intuit.karate - After feature text 
---------------------------------------------------------
feature: classpath:Conduit/feature/Hooks.feature
scenarios:  2 | passed:  2 | failed:  0 | time: 0.3692
---------------------------------------------------------

17:20:10.914 [pool-3-thread-1] INFO  com.intuit.karate.Suite - <<pass>> feature 3 of 4 (1 remaining) classpath:Conduit/feature/Hooks.feature
---------------------------------------------------------
feature: classpath:Conduit/feature/SignUpUsers.feature
scenarios:  5 | passed:  5 | failed:  0 | time: 3.2434
---------------------------------------------------------

17:20:11.259 [pool-3-thread-1] INFO  com.intuit.karate.Suite - <<pass>> feature 4 of 4 (0 remaining) classpath:Conduit/feature/SignUpUsers.feature
Karate version: 1.4.1
======================================================
elapsed:   8.99 | threads:    5 | thread time: 8.33 
features:     4 | skipped:    0 | efficiency: 0.19
scenarios:   11 | passed:    11 | failed: 0
======================================================

HTML report: (paste into browser to view) | Karate version: 1.4.1
file:///C:/Users/jesus.quispe/Documents/learn2KarateProject/myproject/target/karate-reports/karate-summary.html
===================================================================

17:20:12.303 [main] INFO  n.m.cucumber.ReportParser - File 'C:\Users\jesus.quispe\Documents\learn2KarateProject\myproject\target\karate-reports\Conduit.feature.Articles.json' contains 1 feature(s)
17:20:12.317 [main] INFO  n.m.cucumber.ReportParser - File 'C:\Users\jesus.quispe\Documents\learn2KarateProject\myproject\target\karate-reports\Conduit.feature.HomePage.json' contains 1 feature(s)
17:20:12.334 [main] INFO  n.m.cucumber.ReportParser - File 'C:\Users\jesus.quispe\Documents\learn2KarateProject\myproject\target\karate-reports\Conduit.feature.Hooks.json' contains 1 feature(s)
17:20:12.360 [main] INFO  n.m.cucumber.ReportParser - File 'C:\Users\jesus.quispe\Documents\learn2KarateProject\myproject\target\karate-reports\Conduit.feature.SignUpUsers.json' contains 1 feature(s)
]]></system-out>
  </testcase>
</testsuite>