<?xml version="1.0" encoding="UTF-8"?>
<testsuite xmlns:xsi="http://www.w3.org/2001/XMLSchema-instance" xsi:noNamespaceSchemaLocation="https://maven.apache.org/surefire/maven-surefire-plugin/xsd/surefire-test-report-3.0.xsd" version="3.0" name="Conduit.ConduitTest" time="13.604" tests="1" errors="0" skipped="0" failures="0">
  <properties>
[...]
</properties>
  <testcase name="testParallel" classname="Conduit.ConduitTest" time="13.565">
    <system-out><![CDATA[13:53:48.114 [main] INFO  com.intuit.karate.Runner - using system property 'karate.options': --tags @debug
13:53:50.990 [main] DEBUG com.intuit.karate.Suite - [config] classpath:karate-config.js
13:53:51.001 [main] INFO  com.intuit.karate.Suite - backed up existing 'target\karate-reports' dir to: target\karate-reports_1776106430992
13:53:53.772 [main] INFO  com.intuit.karate - karate.env system property was: null 
13:53:53.787 [main] INFO  com.intuit.karate - >> lock acquired, begin callSingle: classpath:helpers/CreateToken.feature
13:53:54.585 [main] DEBUG com.intuit.karate - request:
1 > POST https://conduit-api.bondaracademy.com/api/users/login
1 > Content-Type: application/json; charset=UTF-8
1 > Content-Length: 72
1 > Host: conduit-api.bondaracademy.com
1 > Connection: Keep-Alive
1 > User-Agent: Apache-HttpClient/4.5.14 (Java/21.0.10)
1 > Accept-Encoding: gzip,deflate
{"user":{"email":"jesus.quispe@globant.com","password":"Gabylu212208."}}

13:53:55.813 [main] DEBUG com.intuit.karate - response time in milliseconds: 1208
1 < 200
1 < x-powered-by: Express
1 < vary: Origin
1 < content-type: application/json; charset=utf-8
1 < etag: W/"142-VmKtrLX4QcLHtUzuGEWZRdHn6oM"
1 < x-cloud-trace-context: e4b9f1533e3d029b21daf05393874078;o=1
1 < date: Mon, 13 Apr 2026 18:53:55 GMT
1 < server: Google Frontend
1 < Content-Length: 322
{"user":{"email":"jesus.quispe@globant.com","username":"jesusdquispec","bio":null,"image":"https://conduit-api.bondaracademy.com/images/smiley-cyrus.jpeg","token":"eyJhbGciOiJIUzI1NiIsInR5cCI6IkpXVCJ9.eyJ1c2VyIjp7ImlkIjo1MTAzMX0sImlhdCI6MTc3NjEwNjQzNSwiZXhwIjoxNzgxMjkwNDM1fQ.RrAo2MGDKoLCKWUf4UYlloo4sLCpZbwcUkY1p9Ou5lk"}}

13:53:55.834 [main] INFO  com.intuit.karate - << lock released, cached callSingle: classpath:helpers/CreateToken.feature
Registro insertado con ID: 55, Nombre: Julio, Apellido: Chavez, Email: julio.chavez@hotmail.com, Teléfono: 555-9901-4444, Fecha de Registro: 2023-02-22
13:53:56.375 [main] INFO  com.intuit.karate - karate.env system property was: null 
Registro insertado con ID: 56, Nombre: Jose, Apellido: Landauri, Email: jose.landauri@hotmail.com, Teléfono: 555-9902-4444, Fecha de Registro: 2023-02-23
13:53:56.427 [main] INFO  com.intuit.karate - karate.env system property was: null 
Registro insertado con ID: 57, Nombre: Maria, Apellido: Rodriguez, Email: maria.rodriguez@hotmail.com, Teléfono: 555-9903-4444, Fecha de Registro: 2023-02-24
13:53:56.507 [main] INFO  com.intuit.karate - karate.env system property was: null 
Registro insertado con ID: 58, Nombre: Ana, Apellido: Perez, Email: ana.perez@hotmail.com, Teléfono: 555-9904-4444, Fecha de Registro: 2023-02-25
---------------------------------------------------------
feature: classpath:Conduit/feature/WorkWithDB.feature
scenarios:  4 | passed:  4 | failed:  0 | time: 0.6465
---------------------------------------------------------

13:53:58.480 [main] INFO  com.intuit.karate.Suite - <<pass>> feature 5 of 5 (0 remaining) classpath:Conduit/feature/WorkWithDB.feature
13:53:58.485 [main] DEBUG com.intuit.karate.Suite - waiting for 5 features to complete
Karate version: 1.4.1
======================================================
elapsed:  10.39 | threads:    1 | thread time: 0.65 
features:     1 | skipped:    4 | efficiency: 0.06
scenarios:    4 | passed:     4 | failed: 0
======================================================

HTML report: (paste into browser to view) | Karate version: 1.4.1
file:///C:/Users/jesus.quispe/Documents/learn2KarateProject/myproject/target/karate-reports/karate-summary.html
===================================================================

13:53:59.286 [main] INFO  n.m.cucumber.ReportParser - File 'C:\Users\jesus.quispe\Documents\learn2KarateProject\myproject\target\karate-reports\Conduit.feature.WorkWithDB.json' contains 1 feature(s)
]]></system-out>
  </testcase>
</testsuite>